2026-04-09 15:51:31,234 | INFO | Device: CPU
2026-04-09 15:51:31,303 | INFO | Using preprocessed samples csv: /Users/huangchouyue/Projects/PVPF/pv_forecasting/ConvLSTM-encoder/derived/samples_t_plus_15.csv
2026-04-09 15:51:31,303 | INFO | Dataset size=3192 train=2554 val=638
2026-04-09 15:51:31,303 | INFO | Input offsets are relative to anchor t: [-15,-13,-11,-9,-7,-5,-3,-1], with target at t+15
2026-04-09 15:51:31,303 | INFO | Nearest camera tolerance=90 sec
2026-04-09 15:51:31,303 | INFO | PV normalization by peak_power_w=66300.0
2026-04-09 15:51:31,304 | INFO | Sky mask: /Users/huangchouyue/Projects/PVPF/data/sky_mask.png
2026-04-09 15:53:04,752 | INFO | Epoch 1/30 loss=0.053553 val_loss=0.043397
2026-04-09 15:54:30,513 | INFO | Epoch 2/30 loss=0.043735 val_loss=0.041617
2026-04-09 15:56:02,517 | INFO | Epoch 3/30 loss=0.040348 val_loss=0.035442
2026-04-09 15:57:25,231 | INFO | Epoch 4/30 loss=0.033732 val_loss=0.033209
2026-04-09 15:58:52,394 | INFO | Epoch 5/30 loss=0.032054 val_loss=0.028694
2026-04-09 16:00:16,696 | INFO | Epoch 6/30 loss=0.028585 val_loss=0.030475
2026-04-09 16:01:40,493 | INFO | Epoch 7/30 loss=0.026101 val_loss=0.023261
2026-04-09 16:03:12,622 | INFO | Epoch 8/30 loss=0.026337 val_loss=0.026655
2026-04-09 16:04:44,876 | INFO | Epoch 9/30 loss=0.024664 val_loss=0.028593
2026-04-09 16:06:21,520 | INFO | Epoch 10/30 loss=0.023489 val_loss=0.021713
2026-04-09 16:07:57,964 | INFO | Epoch 11/30 loss=0.021989 val_loss=0.022594
2026-04-09 16:09:42,892 | INFO | Epoch 12/30 loss=0.022185 val_loss=0.024546
2026-04-09 16:11:22,930 | INFO | Epoch 13/30 loss=0.019536 val_loss=0.022069
2026-04-09 16:13:10,111 | INFO | Epoch 14/30 loss=0.021629 val_loss=0.025585
2026-04-09 16:14:52,685 | INFO | Epoch 15/30 loss=0.020695 val_loss=0.019650
2026-04-09 16:16:45,004 | INFO | Epoch 16/30 loss=0.018605 val_loss=0.020942
2026-04-09 16:18:47,795 | INFO | Epoch 17/30 loss=0.019339 val_loss=0.018376
2026-04-09 16:20:36,014 | INFO | Epoch 18/30 loss=0.017916 val_loss=0.023445
2026-04-09 16:22:25,260 | INFO | Epoch 19/30 loss=0.018151 val_loss=0.021657
2026-04-09 16:24:17,643 | INFO | Epoch 20/30 loss=0.017227 val_loss=0.019067
2026-04-09 16:26:04,148 | INFO | Epoch 21/30 loss=0.016408 val_loss=0.018098
2026-04-09 16:27:44,540 | INFO | Epoch 22/30 loss=0.015670 val_loss=0.017290
2026-04-09 16:29:24,498 | INFO | Epoch 23/30 loss=0.014910 val_loss=0.015104
2026-04-09 16:31:07,415 | INFO | Epoch 24/30 loss=0.013970 val_loss=0.014359
2026-04-09 16:32:54,220 | INFO | Epoch 25/30 loss=0.013739 val_loss=0.013833
2026-04-09 16:34:47,476 | INFO | Epoch 26/30 loss=0.013574 val_loss=0.017747
2026-04-09 16:36:36,741 | INFO | Epoch 27/30 loss=0.013776 val_loss=0.014648
2026-04-09 16:38:30,202 | INFO | Epoch 28/30 loss=0.013164 val_loss=0.017052
2026-04-09 16:40:20,887 | INFO | Epoch 29/30 loss=0.012339 val_loss=0.015007
2026-04-09 16:42:21,199 | INFO | Epoch 30/30 loss=0.012072 val_loss=0.013956
2026-04-09 16:43:31,293 | INFO | Val metrics: MAE_W=5825.22 RMSE_W=7799.25
2026-04-09 16:43:31,293 | INFO | Saved outputs in /Users/huangchouyue/Projects/PVPF/pv_forecasting/ConvLSTM-encoder/model_output/run_20260409-155131_convlstm_encoder
