2026-04-08 09:22:25,761 | INFO | Device: CPU (no GPU detected)
2026-04-08 09:22:25,957 | INFO | Split: train=11356 (chronological first), val=2839 (chronological last)
2026-04-08 09:22:27,448 | INFO | Epoch 1/100 loss=0.040037 val_loss=0.012085
2026-04-08 09:22:28,309 | INFO | Epoch 2/100 loss=0.017071 val_loss=0.006140
2026-04-08 09:22:29,163 | INFO | Epoch 3/100 loss=0.014850 val_loss=0.006375
2026-04-08 09:22:29,998 | INFO | Epoch 4/100 loss=0.014296 val_loss=0.005287
2026-04-08 09:22:30,836 | INFO | Epoch 5/100 loss=0.013733 val_loss=0.004810
2026-04-08 09:22:31,674 | INFO | Epoch 6/100 loss=0.013213 val_loss=0.004998
2026-04-08 09:22:32,522 | INFO | Epoch 7/100 loss=0.012936 val_loss=0.004785
2026-04-08 09:22:33,360 | INFO | Epoch 8/100 loss=0.012812 val_loss=0.004727
2026-04-08 09:22:34,199 | INFO | Epoch 9/100 loss=0.012603 val_loss=0.005076
2026-04-08 09:22:35,054 | INFO | Epoch 10/100 loss=0.012360 val_loss=0.004617
2026-04-08 09:22:35,909 | INFO | Epoch 11/100 loss=0.012252 val_loss=0.004699
2026-04-08 09:22:36,746 | INFO | Epoch 12/100 loss=0.012067 val_loss=0.004596
2026-04-08 09:22:37,586 | INFO | Epoch 13/100 loss=0.012034 val_loss=0.004496
2026-04-08 09:22:38,427 | INFO | Epoch 14/100 loss=0.011989 val_loss=0.004867
2026-04-08 09:22:39,266 | INFO | Epoch 15/100 loss=0.011827 val_loss=0.005625
2026-04-08 09:22:40,102 | INFO | Epoch 16/100 loss=0.011833 val_loss=0.004988
2026-04-08 09:22:40,939 | INFO | Epoch 17/100 loss=0.011713 val_loss=0.004471
2026-04-08 09:22:41,796 | INFO | Epoch 18/100 loss=0.011698 val_loss=0.004491
2026-04-08 09:22:42,644 | INFO | Epoch 19/100 loss=0.011684 val_loss=0.004561
2026-04-08 09:22:43,489 | INFO | Epoch 20/100 loss=0.011622 val_loss=0.004683
2026-04-08 09:22:44,323 | INFO | Epoch 21/100 loss=0.011580 val_loss=0.004515
2026-04-08 09:22:45,157 | INFO | Epoch 22/100 loss=0.011413 val_loss=0.004112
2026-04-08 09:22:45,988 | INFO | Epoch 23/100 loss=0.011453 val_loss=0.004239
2026-04-08 09:22:46,822 | INFO | Epoch 24/100 loss=0.011440 val_loss=0.004271
2026-04-08 09:22:47,668 | INFO | Epoch 25/100 loss=0.011375 val_loss=0.004423
2026-04-08 09:22:48,593 | INFO | Epoch 26/100 loss=0.011468 val_loss=0.004402
2026-04-08 09:22:49,507 | INFO | Epoch 27/100 loss=0.011448 val_loss=0.004562
2026-04-08 09:22:50,352 | INFO | Epoch 28/100 loss=0.011326 val_loss=0.004406
2026-04-08 09:22:51,227 | INFO | Epoch 29/100 loss=0.011241 val_loss=0.004514
2026-04-08 09:22:52,173 | INFO | Epoch 30/100 loss=0.011203 val_loss=0.004086
2026-04-08 09:22:53,036 | INFO | Epoch 31/100 loss=0.011261 val_loss=0.004780
2026-04-08 09:22:53,881 | INFO | Epoch 32/100 loss=0.011198 val_loss=0.004186
2026-04-08 09:22:54,743 | INFO | Epoch 33/100 loss=0.011210 val_loss=0.004021
2026-04-08 09:22:55,585 | INFO | Epoch 34/100 loss=0.011187 val_loss=0.004252
2026-04-08 09:22:56,439 | INFO | Epoch 35/100 loss=0.011210 val_loss=0.004359
2026-04-08 09:22:57,289 | INFO | Epoch 36/100 loss=0.011179 val_loss=0.004428
2026-04-08 09:22:58,133 | INFO | Epoch 37/100 loss=0.011185 val_loss=0.004180
2026-04-08 09:22:59,028 | INFO | Epoch 38/100 loss=0.011149 val_loss=0.004154
2026-04-08 09:22:59,890 | INFO | Epoch 39/100 loss=0.011199 val_loss=0.004420
2026-04-08 09:23:00,734 | INFO | Epoch 40/100 loss=0.011084 val_loss=0.003997
2026-04-08 09:23:01,627 | INFO | Epoch 41/100 loss=0.011155 val_loss=0.003926
2026-04-08 09:23:02,486 | INFO | Epoch 42/100 loss=0.011005 val_loss=0.004359
2026-04-08 09:23:03,339 | INFO | Epoch 43/100 loss=0.011060 val_loss=0.004107
2026-04-08 09:23:04,237 | INFO | Epoch 44/100 loss=0.011046 val_loss=0.004425
2026-04-08 09:23:05,102 | INFO | Epoch 45/100 loss=0.010884 val_loss=0.004214
2026-04-08 09:23:05,953 | INFO | Epoch 46/100 loss=0.010966 val_loss=0.004104
2026-04-08 09:23:06,803 | INFO | Epoch 47/100 loss=0.010830 val_loss=0.004292
2026-04-08 09:23:07,653 | INFO | Epoch 48/100 loss=0.010788 val_loss=0.004080
2026-04-08 09:23:08,503 | INFO | Epoch 49/100 loss=0.010733 val_loss=0.003959
2026-04-08 09:23:09,363 | INFO | Epoch 50/100 loss=0.010773 val_loss=0.004216
2026-04-08 09:23:10,220 | INFO | Epoch 51/100 loss=0.010816 val_loss=0.004040
2026-04-08 09:23:11,086 | INFO | Epoch 52/100 loss=0.010789 val_loss=0.004057
2026-04-08 09:23:12,012 | INFO | Epoch 53/100 loss=0.010685 val_loss=0.004171
2026-04-08 09:23:12,871 | INFO | Epoch 54/100 loss=0.010729 val_loss=0.003920
2026-04-08 09:23:13,725 | INFO | Epoch 55/100 loss=0.010645 val_loss=0.004014
2026-04-08 09:23:14,577 | INFO | Epoch 56/100 loss=0.010615 val_loss=0.004019
2026-04-08 09:23:15,432 | INFO | Epoch 57/100 loss=0.010719 val_loss=0.003989
2026-04-08 09:23:16,292 | INFO | Epoch 58/100 loss=0.010532 val_loss=0.003840
2026-04-08 09:23:17,143 | INFO | Epoch 59/100 loss=0.010515 val_loss=0.004109
2026-04-08 09:23:17,991 | INFO | Epoch 60/100 loss=0.010519 val_loss=0.004052
2026-04-08 09:23:18,834 | INFO | Epoch 61/100 loss=0.010625 val_loss=0.003948
2026-04-08 09:23:19,683 | INFO | Epoch 62/100 loss=0.010503 val_loss=0.003947
2026-04-08 09:23:20,527 | INFO | Epoch 63/100 loss=0.010544 val_loss=0.003946
2026-04-08 09:23:21,370 | INFO | Epoch 64/100 loss=0.010481 val_loss=0.004372
2026-04-08 09:23:22,232 | INFO | Epoch 65/100 loss=0.010518 val_loss=0.003978
2026-04-08 09:23:23,111 | INFO | Epoch 66/100 loss=0.010476 val_loss=0.003981
2026-04-08 09:23:23,965 | INFO | Epoch 67/100 loss=0.010422 val_loss=0.004242
2026-04-08 09:23:24,815 | INFO | Epoch 68/100 loss=0.010393 val_loss=0.003946
2026-04-08 09:23:25,671 | INFO | Epoch 69/100 loss=0.010424 val_loss=0.003869
2026-04-08 09:23:26,522 | INFO | Epoch 70/100 loss=0.010390 val_loss=0.003988
2026-04-08 09:23:27,382 | INFO | Epoch 71/100 loss=0.010447 val_loss=0.003936
2026-04-08 09:23:28,239 | INFO | Epoch 72/100 loss=0.010356 val_loss=0.004058
2026-04-08 09:23:29,100 | INFO | Epoch 73/100 loss=0.010426 val_loss=0.003883
2026-04-08 09:23:29,970 | INFO | Epoch 74/100 loss=0.010389 val_loss=0.004051
2026-04-08 09:23:30,843 | INFO | Epoch 75/100 loss=0.010319 val_loss=0.004069
2026-04-08 09:23:31,705 | INFO | Epoch 76/100 loss=0.010254 val_loss=0.004014
2026-04-08 09:23:32,556 | INFO | Epoch 77/100 loss=0.010359 val_loss=0.003895
2026-04-08 09:23:33,418 | INFO | Epoch 78/100 loss=0.010290 val_loss=0.004018
2026-04-08 09:23:34,280 | INFO | Epoch 79/100 loss=0.010234 val_loss=0.004049
2026-04-08 09:23:35,139 | INFO | Epoch 80/100 loss=0.010204 val_loss=0.004131
2026-04-08 09:23:35,997 | INFO | Epoch 81/100 loss=0.010256 val_loss=0.004071
2026-04-08 09:23:36,875 | INFO | Epoch 82/100 loss=0.010170 val_loss=0.004457
2026-04-08 09:23:37,783 | INFO | Epoch 83/100 loss=0.010233 val_loss=0.003957
2026-04-08 09:23:38,659 | INFO | Epoch 84/100 loss=0.010162 val_loss=0.003936
2026-04-08 09:23:39,521 | INFO | Epoch 85/100 loss=0.010176 val_loss=0.004277
2026-04-08 09:23:40,417 | INFO | Epoch 86/100 loss=0.010176 val_loss=0.004382
2026-04-08 09:23:41,330 | INFO | Epoch 87/100 loss=0.010062 val_loss=0.004111
2026-04-08 09:23:42,193 | INFO | Epoch 88/100 loss=0.009991 val_loss=0.004201
2026-04-08 09:23:43,047 | INFO | Epoch 89/100 loss=0.010052 val_loss=0.004118
2026-04-08 09:23:43,924 | INFO | Epoch 90/100 loss=0.010001 val_loss=0.004118
2026-04-08 09:23:44,809 | INFO | Epoch 91/100 loss=0.009988 val_loss=0.004025
2026-04-08 09:23:45,677 | INFO | Epoch 92/100 loss=0.009995 val_loss=0.004182
2026-04-08 09:23:46,542 | INFO | Epoch 93/100 loss=0.009813 val_loss=0.004093
2026-04-08 09:23:47,408 | INFO | Epoch 94/100 loss=0.009711 val_loss=0.004036
2026-04-08 09:23:48,279 | INFO | Epoch 95/100 loss=0.009837 val_loss=0.004101
2026-04-08 09:23:49,143 | INFO | Epoch 96/100 loss=0.009766 val_loss=0.004093
2026-04-08 09:23:50,059 | INFO | Epoch 97/100 loss=0.009750 val_loss=0.004119
2026-04-08 09:23:50,935 | INFO | Epoch 98/100 loss=0.009660 val_loss=0.004294
2026-04-08 09:23:51,806 | INFO | Epoch 99/100 loss=0.009651 val_loss=0.004180
2026-04-08 09:23:52,681 | INFO | Epoch 100/100 loss=0.009512 val_loss=0.004209
2026-04-08 09:23:53,607 | INFO | Val metrics: MAE_W=2508.35, RMSE_W=4136.10
2026-04-08 09:23:53,607 | INFO | All metrics (reference): MAE_W=4006.06, RMSE_W=6147.24
2026-04-08 09:23:53,607 | INFO | Saved /Users/huangchouyue/Projects/PVPF/pv_forecasting/pv_only/model_output/run_20260408-092225_pv_only: history.csv, metrics_val.csv, metrics_all.csv, predictions_val.csv, predictions_all.csv, best_model.pt, last_model.pt
